[debug] [2021-10-03T16:59:35.407Z] ----------------------------------------------------------------------
[debug] [2021-10-03T16:59:35.409Z] Command:       /usr/local/bin/node /usr/local/bin/firebase deploy
[debug] [2021-10-03T16:59:35.409Z] CLI Version:   9.18.0
[debug] [2021-10-03T16:59:35.409Z] Platform:      darwin
[debug] [2021-10-03T16:59:35.409Z] Node Version:  v12.14.0
[debug] [2021-10-03T16:59:35.410Z] Time:          Sun Oct 03 2021 18:59:35 GMT+0200 (Central European Summer Time)
[debug] [2021-10-03T16:59:35.410Z] ----------------------------------------------------------------------
[debug] 
[debug] [2021-10-03T16:59:35.453Z] > command requires scopes: ["email","openid","https://www.googleapis.com/auth/cloudplatformprojects.readonly","https://www.googleapis.com/auth/firebase","https://www.googleapis.com/auth/cloud-platform"]
[debug] [2021-10-03T16:59:35.453Z] > authorizing via signed-in user (lassebrunt@gmail.com)
[debug] [2021-10-03T16:59:35.453Z] [iam] checking project droemmehavet-1aa53 for permissions ["firebase.projects.get","firebasehosting.sites.update"]
[debug] [2021-10-03T16:59:35.455Z] > refreshing access token with scopes: ["email","https://www.googleapis.com/auth/cloud-platform","https://www.googleapis.com/auth/cloudplatformprojects.readonly","https://www.googleapis.com/auth/firebase","openid"]
[debug] [2021-10-03T16:59:35.455Z] >>> HTTP REQUEST POST https://www.googleapis.com/oauth2/v3/token  
 <request body omitted>
[debug] [2021-10-03T16:59:35.559Z] <<< HTTP RESPONSE 200 {"expires":"Mon, 01 Jan 1990 00:00:00 GMT","pragma":"no-cache","date":"Sun, 03 Oct 2021 16:59:35 GMT","cache-control":"no-cache, no-store, max-age=0, must-revalidate","content-type":"application/json; charset=utf-8","vary":"X-Origin, Referer, Origin,Accept-Encoding","server":"scaffolding on HTTPServer2","x-xss-protection":"0","x-frame-options":"SAMEORIGIN","x-content-type-options":"nosniff","alt-svc":"h3=\":443\"; ma=2592000,h3-29=\":443\"; ma=2592000,h3-T051=\":443\"; ma=2592000,h3-Q050=\":443\"; ma=2592000,h3-Q046=\":443\"; ma=2592000,h3-Q043=\":443\"; ma=2592000,quic=\":443\"; ma=2592000; v=\"46,43\"","accept-ranges":"none","transfer-encoding":"chunked"}
[debug] [2021-10-03T16:59:35.609Z] >>> HTTP REQUEST POST https://cloudresourcemanager.googleapis.com/v1/projects/droemmehavet-1aa53:testIamPermissions  
 {"permissions":["firebase.projects.get","firebasehosting.sites.update"]}
[debug] [2021-10-03T16:59:36.365Z] <<< HTTP RESPONSE 200 {"content-type":"application/json; charset=UTF-8","vary":"X-Origin, Referer, Origin,Accept-Encoding","date":"Sun, 03 Oct 2021 16:59:36 GMT","server":"ESF","cache-control":"private","x-xss-protection":"0","x-frame-options":"SAMEORIGIN","x-content-type-options":"nosniff","server-timing":"gfet4t7; dur=668","alt-svc":"h3=\":443\"; ma=2592000,h3-29=\":443\"; ma=2592000,h3-T051=\":443\"; ma=2592000,h3-Q050=\":443\"; ma=2592000,h3-Q046=\":443\"; ma=2592000,h3-Q043=\":443\"; ma=2592000,quic=\":443\"; ma=2592000; v=\"46,43\"","accept-ranges":"none","transfer-encoding":"chunked"}
[debug] [2021-10-03T16:59:36.366Z] > refreshing access token with scopes: []
[debug] [2021-10-03T16:59:36.366Z] >>> HTTP REQUEST POST https://www.googleapis.com/oauth2/v3/token  
 <request body omitted>
[debug] [2021-10-03T16:59:36.450Z] <<< HTTP RESPONSE 200 {"expires":"Mon, 01 Jan 1990 00:00:00 GMT","cache-control":"no-cache, no-store, max-age=0, must-revalidate","date":"Sun, 03 Oct 2021 16:59:36 GMT","pragma":"no-cache","content-type":"application/json; charset=utf-8","vary":"X-Origin, Referer, Origin,Accept-Encoding","server":"scaffolding on HTTPServer2","x-xss-protection":"0","x-frame-options":"SAMEORIGIN","x-content-type-options":"nosniff","alt-svc":"h3=\":443\"; ma=2592000,h3-29=\":443\"; ma=2592000,h3-T051=\":443\"; ma=2592000,h3-Q050=\":443\"; ma=2592000,h3-Q046=\":443\"; ma=2592000,h3-Q043=\":443\"; ma=2592000,quic=\":443\"; ma=2592000; v=\"46,43\"","accept-ranges":"none","transfer-encoding":"chunked"}
[debug] [2021-10-03T16:59:36.496Z] >>> [apiv2][query] GET https://firebase.googleapis.com/v1beta1/projects/droemmehavet-1aa53 [none]
[debug] [2021-10-03T16:59:36.898Z] <<< [apiv2][status] GET https://firebase.googleapis.com/v1beta1/projects/droemmehavet-1aa53 200
[debug] [2021-10-03T16:59:36.898Z] <<< [apiv2][body] GET https://firebase.googleapis.com/v1beta1/projects/droemmehavet-1aa53 {"projectId":"droemmehavet-1aa53","projectNumber":"332772204585","displayName":"Droemmehavet","name":"projects/droemmehavet-1aa53","resources":{"hostingSite":"droemmehavet-1aa53","storageBucket":"droemmehavet-1aa53.appspot.com","locationId":"europe-west"},"state":"ACTIVE"}
[info] 
[info] === Deploying to 'droemmehavet-1aa53'...
[info] 
[info] i  deploying hosting 
[debug] [2021-10-03T16:59:36.900Z] > refreshing access token with scopes: ["email","https://www.googleapis.com/auth/cloud-platform","https://www.googleapis.com/auth/cloudplatformprojects.readonly","https://www.googleapis.com/auth/firebase","openid"]
[debug] [2021-10-03T16:59:36.900Z] >>> HTTP REQUEST POST https://www.googleapis.com/oauth2/v3/token  
 <request body omitted>
[debug] [2021-10-03T16:59:36.981Z] <<< HTTP RESPONSE 200 {"cache-control":"no-cache, no-store, max-age=0, must-revalidate","expires":"Mon, 01 Jan 1990 00:00:00 GMT","pragma":"no-cache","date":"Sun, 03 Oct 2021 16:59:37 GMT","content-type":"application/json; charset=utf-8","vary":"X-Origin, Referer, Origin,Accept-Encoding","server":"scaffolding on HTTPServer2","x-xss-protection":"0","x-frame-options":"SAMEORIGIN","x-content-type-options":"nosniff","alt-svc":"h3=\":443\"; ma=2592000,h3-29=\":443\"; ma=2592000,h3-T051=\":443\"; ma=2592000,h3-Q050=\":443\"; ma=2592000,h3-Q046=\":443\"; ma=2592000,h3-Q043=\":443\"; ma=2592000,quic=\":443\"; ma=2592000; v=\"46,43\"","accept-ranges":"none","transfer-encoding":"chunked"}
[debug] [2021-10-03T16:59:37.041Z] >>> HTTP REQUEST POST https://firebasehosting.googleapis.com/v1beta1/sites/droemmehavet-1aa53/versions  
 {"config":{"rewrites":[{"glob":"**","path":"/index.html"}]},"labels":{"deployment-tool":"cli-firebase"}}
